Lady Luck
A Discord dicebot with rules ad hoceries
The Stranjer


d10s have 0 left. Refilling...
Logging in now... logged in as Lady Luck#7209!
d10s now at 100.
Lady Luck
A Discord dicebot with rules ad hoceries
The Stranjer


d10s have 0 left. Refilling...
Logging in now... logged in as Lady Luck#7209!
d10s now at 100.
d10s have 91 left. Refilling...
New nWoD dice roll from NEETzsche#1337. Outcome: Rolling 9; 4 successes. _Individual results:_ <:d10fail_2:531377157855772708>, <:d10success_9:531377158745096193>, <:d10success_8:531377160544321537>, <:d10fail_7:531377156564058112>, <:d10success_8:531377160544321537>, <:d10fail_7:531377156564058112>, <:d10success_9:531377158745096193>, <:d10fail_5:531377156878761985>, <:d10fail_1:531377158652952587>
d10s now at 191.
New nWoD dice roll from MrFix#5795. Outcome: Rolling 5; 1 success. _Individual results:_ <:d10fail_4:531377156857528331>, <:d10fail_5:531377156878761985>, <:d10success_8:531377160544321537>, <:d10fail_3:531377157780537344>, <:d10fail_6:531377156450680835>
New nWoD dice roll from bowrice#0418. Outcome: Rolling 18; 6 successes. _Individual results:_ <:d10fail_4:531377156857528331>, <:d10success_9:531377158745096193>, <:d10success_9:531377158745096193>, <:d10success_8:531377160544321537>, <:d10fail_7:531377156564058112>, <:d10fail_5:531377156878761985>, <:d10fail_6:531377156450680835>, <:d10success_9:531377158745096193>, <:d10explode_10:531377161899212810>, <:d10fail_4:531377156857528331>, <:d10fail_7:531377156564058112>, <:d10fail_2:531377157855772708>, <:d10fail_3:531377157780537344>, <:d10fail_1:531377158652952587>, <:d10fail_1:531377158652952587>, <:d10fail_1:531377158652952587>, <:d10fail_1:531377158652952587>, <:d10success_8:531377160544321537>, <:d10fail_5:531377156878761985>
New nWoD dice roll from The Benevolent Soviet Premier#6373. Outcome: Rolling 4; 1 success. _Individual results:_ <:d10fail_1:531377158652952587>, <:d10explode_10:531377161899212810>, <:d10fail_3:531377157780537344>, <:d10fail_1:531377158652952587>, <:d10fail_6:531377156450680835>
New nWoD dice roll from nes#3627. Outcome: Rolling 4; 1 success. _Individual results:_ <:d10fail_6:531377156450680835>, <:d10success_9:531377158745096193>, <:d10fail_4:531377156857528331>, <:d10fail_5:531377156878761985>
New nWoD dice roll from The Benevolent Soviet Premier#6373. Outcome: Rolling 6; No successes. _Individual results:_ <:d10fail_7:531377156564058112>, <:d10fail_3:531377157780537344>, <:d10fail_6:531377156450680835>, <:d10fail_5:531377156878761985>, <:d10fail_7:531377156564058112>, <:d10fail_4:531377156857528331>
New nWoD dice roll from benisbagina#4439. Outcome: Rolling 10; 4 successes. _Individual results:_ <:d10fail_6:531377156450680835>, <:d10explode_10:531377161899212810>, <:d10fail_4:531377156857528331>, <:d10fail_6:531377156450680835>, <:d10fail_5:531377156878761985>, <:d10success_8:531377160544321537>, <:d10success_8:531377160544321537>, <:d10fail_1:531377158652952587>, <:d10fail_4:531377156857528331>, <:d10fail_1:531377158652952587>, <:d10explode_10:531377161899212810>, <:d10fail_7:531377156564058112>
New nWoD dice roll from bowrice#0418. Outcome: Rolling 2; No successes. _Individual results:_ <:d10fail_3:531377157780537344>, <:d10fail_3:531377157780537344>
